<?xml version="1.0" encoding="UTF-8"?>
<!-- Generated by org.testng.reporters.JUnitXMLReporter -->
<testsuite hostname="DESKTOP-QVO712U" name="Test2" tests="2" failures="0" timestamp="22 Nov 2021 14:07:13 GMT" time="2.659" errors="0">
  <testcase name="@BeforeMethod beforeMethod" time="0.0" classname="demoTests.demoClasstestest">
    <failure type="org.openqa.selenium.SessionNotCreatedException" message="session not created: This version of ChromeDriver only supports Chrome version 93
Current browser version is 96.0.4664.45 with binary path C:\Users\Admin\AppData\Local\Google\Chrome\Application\chrome.exe
Build info: version: &amp;apos;3.141.59&amp;apos;, revision: &amp;apos;e82be7d358&amp;apos;, time: &amp;apos;2018-11-14T08:17:03&amp;apos;
System info: host: &amp;apos;DESKTOP-QVO712U&amp;apos;, ip: &amp;apos;192.168.1.13&amp;apos;, os.name: &amp;apos;Windows 10&amp;apos;, os.arch: &amp;apos;amd64&amp;apos;, os.version: &amp;apos;10.0&amp;apos;, java.version: &amp;apos;1.8.0_261&amp;apos;
Driver info: driver.version: ChromeDriver
remote stacktrace: Backtrace:
	Ordinal0 [0x00FAD403+2479107]
	Ordinal0 [0x00F47D51+2063697]
	Ordinal0 [0x00E520C8+1056968]
	Ordinal0 [0x00E7043A+1180730]
	Ordinal0 [0x00E6C355+1164117]
	Ordinal0 [0x00E69B7F+1153919]
	Ordinal0 [0x00E99CBF+1350847]
	Ordinal0 [0x00E9992A+1349930]
	Ordinal0 [0x00E9583B+1333307]
	Ordinal0 [0x00E71F94+1187732]
	Ordinal0 [0x00E72DE9+1191401]
	GetHandleVerifier [0x0112F3F6+1531734]
	GetHandleVerifier [0x011DE9AE+2249998]
	GetHandleVerifier [0x010339AB+501003]
	GetHandleVerifier [0x01032A29+497033]
	Ordinal0 [0x00F4D11D+2085149]
	Ordinal0 [0x00F511C8+2101704]
	Ordinal0 [0x00F51302+2102018]
	Ordinal0 [0x00F5AA71+2140785]
	BaseThreadInitThunk [0x74E3FA29+25]
	RtlGetAppContainerNamedObjectPath [0x76F07A9E+286]
	RtlGetAppContainerNamedObjectPath [0x76F07A6E+238]
">
      <![CDATA[org.openqa.selenium.SessionNotCreatedException: session not created: This version of ChromeDriver only supports Chrome version 93
Current browser version is 96.0.4664.45 with binary path C:\Users\Admin\AppData\Local\Google\Chrome\Application\chrome.exe
Build info: version: '3.141.59', revision: 'e82be7d358', time: '2018-11-14T08:17:03'
System info: host: 'DESKTOP-QVO712U', ip: '192.168.1.13', os.name: 'Windows 10', os.arch: 'amd64', os.version: '10.0', java.version: '1.8.0_261'
Driver info: driver.version: ChromeDriver
remote stacktrace: Backtrace:
	Ordinal0 [0x00FAD403+2479107]
	Ordinal0 [0x00F47D51+2063697]
	Ordinal0 [0x00E520C8+1056968]
	Ordinal0 [0x00E7043A+1180730]
	Ordinal0 [0x00E6C355+1164117]
	Ordinal0 [0x00E69B7F+1153919]
	Ordinal0 [0x00E99CBF+1350847]
	Ordinal0 [0x00E9992A+1349930]
	Ordinal0 [0x00E9583B+1333307]
	Ordinal0 [0x00E71F94+1187732]
	Ordinal0 [0x00E72DE9+1191401]
	GetHandleVerifier [0x0112F3F6+1531734]
	GetHandleVerifier [0x011DE9AE+2249998]
	GetHandleVerifier [0x010339AB+501003]
	GetHandleVerifier [0x01032A29+497033]
	Ordinal0 [0x00F4D11D+2085149]
	Ordinal0 [0x00F511C8+2101704]
	Ordinal0 [0x00F51302+2102018]
	Ordinal0 [0x00F5AA71+2140785]
	BaseThreadInitThunk [0x74E3FA29+25]
	RtlGetAppContainerNamedObjectPath [0x76F07A9E+286]
	RtlGetAppContainerNamedObjectPath [0x76F07A6E+238]

	at org.openqa.selenium.remote.W3CHandshakeResponse.lambda$errorHandler$0(W3CHandshakeResponse.java:62)
	at org.openqa.selenium.remote.HandshakeResponse.lambda$getResponseFunction$0(HandshakeResponse.java:30)
	at org.openqa.selenium.remote.ProtocolHandshake.lambda$createSession$0(ProtocolHandshake.java:126)
	at java.util.stream.ReferencePipeline$3$1.accept(ReferencePipeline.java:193)
	at java.util.Spliterators$ArraySpliterator.tryAdvance(Spliterators.java:958)
	at java.util.stream.ReferencePipeline.forEachWithCancel(ReferencePipeline.java:126)
	at java.util.stream.AbstractPipeline.copyIntoWithCancel(AbstractPipeline.java:499)
	at java.util.stream.AbstractPipeline.copyInto(AbstractPipeline.java:486)
	at java.util.stream.AbstractPipeline.wrapAndCopyInto(AbstractPipeline.java:472)
	at java.util.stream.FindOps$FindOp.evaluateSequential(FindOps.java:152)
	at java.util.stream.AbstractPipeline.evaluate(AbstractPipeline.java:234)
	at java.util.stream.ReferencePipeline.findFirst(ReferencePipeline.java:464)
	at org.openqa.selenium.remote.ProtocolHandshake.createSession(ProtocolHandshake.java:128)
	at org.openqa.selenium.remote.ProtocolHandshake.createSession(ProtocolHandshake.java:74)
	at org.openqa.selenium.remote.HttpCommandExecutor.execute(HttpCommandExecutor.java:136)
	at org.openqa.selenium.remote.service.DriverCommandExecutor.execute(DriverCommandExecutor.java:83)
	at org.openqa.selenium.remote.RemoteWebDriver.execute(RemoteWebDriver.java:552)
	at org.openqa.selenium.remote.RemoteWebDriver.startSession(RemoteWebDriver.java:213)
	at org.openqa.selenium.remote.RemoteWebDriver.<init>(RemoteWebDriver.java:131)
	at org.openqa.selenium.chrome.ChromeDriver.<init>(ChromeDriver.java:181)
	at org.openqa.selenium.chrome.ChromeDriver.<init>(ChromeDriver.java:168)
	at org.openqa.selenium.chrome.ChromeDriver.<init>(ChromeDriver.java:123)
	at FrWorkComponents.webdriverGenerator.setDriver(webdriverGenerator.java:18)
	at FrWorkComponents.baseTestClass.beforeMethod(baseTestClass.java:90)
	at java.util.concurrent.FutureTask.run(FutureTask.java:266)
	at java.util.concurrent.ThreadPoolExecutor.runWorker(ThreadPoolExecutor.java:1149)
	at java.util.concurrent.ThreadPoolExecutor$Worker.run(ThreadPoolExecutor.java:624)
	at java.lang.Thread.run(Thread.java:748)
... Removed 22 stack frames]]>
    </failure>
  </testcase> <!-- @BeforeMethod beforeMethod -->
  <testcase name="@AfterMethod verifyTestStatus" time="0.0" classname="demoTests.demoClasstestest">
    <skipped/>
  </testcase> <!-- @AfterMethod verifyTestStatus -->
  <testcase name="@BeforeMethod beforeMethod" time="0.0" classname="demoTests.demoClasstestest">
    <skipped/>
  </testcase> <!-- @BeforeMethod beforeMethod -->
  <testcase name="@AfterMethod verifyTestStatus" time="0.0" classname="demoTests.demoClasstestest">
    <skipped/>
  </testcase> <!-- @AfterMethod verifyTestStatus -->
  <testcase name="test4" time="0.01" classname="demoTests.demoClasstestest">
    <skipped/>
  </testcase> <!-- test4 -->
  <testcase name="test5" time="0.002" classname="demoTests.demoClasstestest">
    <skipped/>
  </testcase> <!-- test5 -->
</testsuite> <!-- Test2 -->
