<?xml version="1.0" encoding="UTF-8"?>
<!-- Generated by org.testng.reporters.JUnitReportReporter -->
<testsuite skipped="2" hostname="DESKTOP-QVO712U" name="demoTests.seleniumeasy" tests="3" failures="0" timestamp="4 Jul 2021 19:29:09 GMT" time="0.006" errors="1">
  <testcase name="test4" time="0.000" classname="demoTests.seleniumeasy">
    <skipped/>
  </testcase> <!-- test4 -->
  <testcase name="test3" time="0.006" classname="demoTests.seleniumeasy">
    <skipped/>
  </testcase> <!-- test3 -->
  <testcase name="intilizer" time="0.000" classname="demoTests.seleniumeasy">
    <error type="org.testng.TestNGException" message="
Parameter &#039;browser&#039; is required by @Configuration on method intilizer but has not been marked @Optional or defined
in C:\Users\Admin\AppData\Local\Temp\testng-eclipse-198343327\testng-customsuite.xml">
      <![CDATA[org.testng.TestNGException: 
Parameter 'browser' is required by @Configuration on method intilizer but has not been marked @Optional or defined
in C:\Users\Admin\AppData\Local\Temp\testng-eclipse-198343327\testng-customsuite.xml
	at org.testng.internal.Parameters.createParameters(Parameters.java:156)
	at org.testng.internal.Parameters.createParameters(Parameters.java:370)
	at org.testng.internal.Parameters.createConfigurationParameters(Parameters.java:86)
	at org.testng.internal.Invoker.invokeConfigurations(Invoker.java:202)
	at org.testng.internal.Invoker.invokeConfigurations(Invoker.java:143)
	at org.testng.SuiteRunner.privateRun(SuiteRunner.java:307)
	at org.testng.SuiteRunner.run(SuiteRunner.java:270)
	at org.testng.SuiteRunnerWorker.runSuite(SuiteRunnerWorker.java:52)
	at org.testng.SuiteRunnerWorker.run(SuiteRunnerWorker.java:86)
	at org.testng.TestNG.runSuitesSequentially(TestNG.java:1284)
	at org.testng.TestNG.runSuitesLocally(TestNG.java:1209)
	at org.testng.TestNG.runSuites(TestNG.java:1124)
	at org.testng.TestNG.run(TestNG.java:1096)
	at org.testng.remote.AbstractRemoteTestNG.run(AbstractRemoteTestNG.java:132)
	at org.testng.remote.RemoteTestNG.initAndRun(RemoteTestNG.java:236)
	at org.testng.remote.RemoteTestNG.main(RemoteTestNG.java:81)
]]>
    </error>
  </testcase> <!-- intilizer -->
</testsuite> <!-- demoTests.seleniumeasy -->
